<?xml version="1.0" encoding="UTF-8" ?>
<testsuite errors="2" failures="0" hostname="necropolis" name="LengthsOfStringsTest" skipped="0" tests="2" time="0.703" timestamp="2017-07-08T06:01:31">
  <properties>
[...]
</properties>
  <testcase classname="LengthsOfStringsTest" name="testaaIsompiLista" time="0.067">
    <error message="Index: 3, Size: 3" type="java.lang.IndexOutOfBoundsException">java.lang.IndexOutOfBoundsException: Index: 3, Size: 3
	at java.util.ArrayList.rangeCheck(ArrayList.java:653)
	at java.util.ArrayList.get(ArrayList.java:429)
	at LengthsOfStrings.lengths(LengthsOfStrings.java:10)
	at LengthsOfStringsTest.test(LengthsOfStringsTest.java:19)
	at LengthsOfStringsTest.testaaIsompiLista(LengthsOfStringsTest.java:31)
</error>
  </testcase>
  <testcase classname="LengthsOfStringsTest" name="testaaYhdenKokoinenLista" time="0.009">
    <error message="Index: 1, Size: 1" type="java.lang.IndexOutOfBoundsException">java.lang.IndexOutOfBoundsException: Index: 1, Size: 1
	at java.util.ArrayList.rangeCheck(ArrayList.java:653)
	at java.util.ArrayList.get(ArrayList.java:429)
	at LengthsOfStrings.lengths(LengthsOfStrings.java:10)
	at LengthsOfStringsTest.test(LengthsOfStringsTest.java:19)
	at LengthsOfStringsTest.testaaYhdenKokoinenLista(LengthsOfStringsTest.java:24)
</error>
  </testcase>
  <system-out><![CDATA[]]></system-out>
  <system-err><![CDATA[]]></system-err>
</testsuite>
